Using pre-set license
Built from '2021.3/release' branch; Version is '2021.3.17f1 (3e8111cac19d) revision 4096273'; Using compiler version '192829333'; Build Type 'Release'
OS: 'Windows 10  (10.0.19045) 64bit Core' Language: 'ko' Physical Memory: 16314 MB
BatchMode: 1, IsHumanControllingUs: 0, StartBugReporterOnCrash: 0, Is64bit: 1, IsPro: 1

COMMAND LINE ARGUMENTS:
C:\Program Files\Unity\Hub\Editor\2021.3.17f1\Editor\Unity.exe
-adb2
-batchMode
-noUpm
-name
AssetImportWorker4
-projectPath
C:/Users/khk40/Tower Defense
-logFile
Logs/AssetImportWorker4.log
-srvPort
64307
Successfully changed project path to: C:/Users/khk40/Tower Defense
C:/Users/khk40/Tower Defense
[UnityMemory] Configuration Parameters - Can be set up in boot.config
    "memorysetup-bucket-allocator-granularity=16"
    "memorysetup-bucket-allocator-bucket-count=8"
    "memorysetup-bucket-allocator-block-size=33554432"
    "memorysetup-bucket-allocator-block-count=8"
    "memorysetup-main-allocator-block-size=16777216"
    "memorysetup-thread-allocator-block-size=16777216"
    "memorysetup-gfx-main-allocator-block-size=16777216"
    "memorysetup-gfx-thread-allocator-block-size=16777216"
    "memorysetup-cache-allocator-block-size=4194304"
    "memorysetup-typetree-allocator-block-size=2097152"
    "memorysetup-profiler-bucket-allocator-granularity=16"
    "memorysetup-profiler-bucket-allocator-bucket-count=8"
    "memorysetup-profiler-bucket-allocator-block-size=33554432"
    "memorysetup-profiler-bucket-allocator-block-count=8"
    "memorysetup-profiler-allocator-block-size=16777216"
    "memorysetup-profiler-editor-allocator-block-size=1048576"
    "memorysetup-temp-allocator-size-main=16777216"
    "memorysetup-job-temp-allocator-block-size=2097152"
    "memorysetup-job-temp-allocator-block-size-background=1048576"
    "memorysetup-job-temp-allocator-reduction-small-platforms=262144"
    "memorysetup-temp-allocator-size-background-worker=32768"
    "memorysetup-temp-allocator-size-job-worker=262144"
    "memorysetup-temp-allocator-size-preload-manager=33554432"
    "memorysetup-temp-allocator-size-nav-mesh-worker=65536"
    "memorysetup-temp-allocator-size-audio-worker=65536"
    "memorysetup-temp-allocator-size-cloud-worker=32768"
    "memorysetup-temp-allocator-size-gi-baking-worker=262144"
    "memorysetup-temp-allocator-size-gfx=262144"
Player connection [19852] Host "[IP] 10.0.0.8 [Port] 0 [Flags] 2 [Guid] 3828205256 [EditorId] 3828205256 [Version] 1048832 [Id] WindowsEditor(7,DESKTOP-8988APT) [Debug] 1 [PackageName] WindowsEditor [ProjectName] Editor" joined multi-casting on [225.0.0.222:54997]...

Player connection [19852] Host "[IP] 10.0.0.8 [Port] 0 [Flags] 2 [Guid] 3828205256 [EditorId] 3828205256 [Version] 1048832 [Id] WindowsEditor(7,DESKTOP-8988APT) [Debug] 1 [PackageName] WindowsEditor [ProjectName] Editor" joined alternative multi-casting on [225.0.0.222:34997]...

Refreshing native plugins compatible for Editor in 95.11 ms, found 3 plugins.
Preloading 0 native plugins for Editor in 0.00 ms.
Initialize engine version: 2021.3.17f1 (3e8111cac19d)
[Subsystems] Discovering subsystems at path C:/Program Files/Unity/Hub/Editor/2021.3.17f1/Editor/Data/Resources/UnitySubsystems
[Subsystems] Discovering subsystems at path C:/Users/khk40/Tower Defense/Assets
GfxDevice: creating device client; threaded=0; jobified=0
Direct3D:
    Version:  Direct3D 11.0 [level 11.1]
    Renderer: NVIDIA GeForce GTX 1660 Ti (ID=0x2182)
    Vendor:   NVIDIA
    VRAM:     5991 MB
    Driver:   31.0.15.1659
Initialize mono
Mono path[0] = 'C:/Program Files/Unity/Hub/Editor/2021.3.17f1/Editor/Data/Managed'
Mono path[1] = 'C:/Program Files/Unity/Hub/Editor/2021.3.17f1/Editor/Data/MonoBleedingEdge/lib/mono/unityjit-win32'
Mono config path = 'C:/Program Files/Unity/Hub/Editor/2021.3.17f1/Editor/Data/MonoBleedingEdge/etc'
Using monoOptions --debugger-agent=transport=dt_socket,embedding=1,server=y,suspend=n,address=127.0.0.1:56796
Begin MonoManager ReloadAssembly
Registering precompiled unity dll's ...
Register platform support module: C:/Program Files/Unity/Hub/Editor/2021.3.17f1/Editor/Data/PlaybackEngines/WebGLSupport/UnityEditor.WebGL.Extensions.dll
Register platform support module: C:/Program Files/Unity/Hub/Editor/2021.3.17f1/Editor/Data/PlaybackEngines/WindowsStandaloneSupport/UnityEditor.WindowsStandalone.Extensions.dll
Registered in 0.010207 seconds.
Native extension for WindowsStandalone target not found
Native extension for WebGL target not found
Refreshing native plugins compatible for Editor in 103.80 ms, found 3 plugins.
Preloading 0 native plugins for Editor in 0.00 ms.
Mono: successfully reloaded assembly
- Completed reload, in  0.731 seconds
Domain Reload Profiling:
	ReloadAssembly (732ms)
		BeginReloadAssembly (84ms)
			ExecutionOrderSort (0ms)
			DisableScriptedObjects (0ms)
			BackupInstance (0ms)
			ReleaseScriptingObjects (0ms)
			CreateAndSetChildDomain (1ms)
		EndReloadAssembly (520ms)
			LoadAssemblies (81ms)
			RebuildTransferFunctionScriptingTraits (0ms)
			SetupTypeCache (111ms)
			ReleaseScriptCaches (0ms)
			RebuildScriptCaches (29ms)
			SetupLoadedEditorAssemblies (324ms)
				LogAssemblyErrors (0ms)
				InitializePlatformSupportModulesInManaged (11ms)
				SetLoadedEditorAssemblies (0ms)
				RefreshPlugins (104ms)
				BeforeProcessingInitializeOnLoad (1ms)
				ProcessInitializeOnLoadAttributes (156ms)
				ProcessInitializeOnLoadMethodAttributes (51ms)
				AfterProcessingInitializeOnLoad (0ms)
				EditorAssembliesLoaded (0ms)
			ExecutionOrderSort2 (0ms)
			AwakeInstancesAfterBackupRestoration (0ms)
Platform modules already initialized, skipping
Registering precompiled user dll's ...
Registered in 0.008053 seconds.
Begin MonoManager ReloadAssembly
Symbol file LoadedFromMemory doesn't match image C:\Users\khk40\Tower Defense\Library\PackageCache\com.unity.visualscripting@1.8.0\Editor\VisualScripting.Core\Dependencies\YamlDotNet\Unity.VisualScripting.YamlDotNet.dll
Symbol file LoadedFromMemory doesn't match image C:\Users\khk40\Tower Defense\Library\PackageCache\com.unity.visualscripting@1.8.0\Editor\VisualScripting.Core\Dependencies\DotNetZip\Unity.VisualScripting.IonicZip.dll
Native extension for WindowsStandalone target not found
Native extension for WebGL target not found
Refreshing native plugins compatible for Editor in 1.56 ms, found 3 plugins.
Preloading 0 native plugins for Editor in 0.00 ms.
Mono: successfully reloaded assembly
- Completed reload, in  1.292 seconds
Domain Reload Profiling:
	ReloadAssembly (1293ms)
		BeginReloadAssembly (123ms)
			ExecutionOrderSort (0ms)
			DisableScriptedObjects (7ms)
			BackupInstance (0ms)
			ReleaseScriptingObjects (0ms)
			CreateAndSetChildDomain (20ms)
		EndReloadAssembly (1039ms)
			LoadAssemblies (94ms)
			RebuildTransferFunctionScriptingTraits (0ms)
			SetupTypeCache (311ms)
			ReleaseScriptCaches (1ms)
			RebuildScriptCaches (54ms)
			SetupLoadedEditorAssemblies (523ms)
				LogAssemblyErrors (0ms)
				InitializePlatformSupportModulesInManaged (14ms)
				SetLoadedEditorAssemblies (1ms)
				RefreshPlugins (2ms)
				BeforeProcessingInitializeOnLoad (164ms)
				ProcessInitializeOnLoadAttributes (301ms)
				ProcessInitializeOnLoadMethodAttributes (29ms)
				AfterProcessingInitializeOnLoad (11ms)
				EditorAssembliesLoaded (0ms)
			ExecutionOrderSort2 (0ms)
			AwakeInstancesAfterBackupRestoration (8ms)
Platform modules already initialized, skipping
========================================================================
Worker process is ready to serve import requests
Launched and connected shader compiler UnityShaderCompiler.exe after 0.05 seconds
Refreshing native plugins compatible for Editor in 0.71 ms, found 3 plugins.
Preloading 0 native plugins for Editor in 0.00 ms.
Unloading 3399 Unused Serialized files (Serialized files now loaded: 0)
Unloading 27 unused Assets / (113.5 KB). Loaded Objects now: 3857.
Memory consumption went from 116.3 MB to 116.2 MB.
Total: 3.621200 ms (FindLiveObjects: 0.307200 ms CreateObjectMapping: 0.081600 ms MarkObjects: 3.104000 ms  DeleteObjects: 0.127300 ms)

AssetImportParameters requested are different than current active one (requested -> active):
  custom:video-decoder-ogg-theora: a1e56fd34408186e4bbccfd4996cb3dc -> 
  custom:container-muxer-webm: aa71ff27fc2769a1b78a27578f13a17b -> 
  custom:container-demuxer-webm: 4f35f7cbe854078d1ac9338744f61a02 -> 
  custom:video-encoder-webm-vp8: eb34c28f22e8b96e1ab97ce403110664 -> 
  custom:audio-encoder-webm-vorbis: bf7c407c2cedff20999df2af8eb42d56 -> 
  custom:framework-win-MediaFoundation: 216162199b28c13a410421893ffa2e32 -> 
  custom:container-demuxer-ogg: 62fdf1f143b41e24485cea50d1cbac27 -> 
  custom:video-decoder-webm-vp8: 9c59270c3fd7afecdb556c50c9e8de78 -> 
  custom:audio-decoder-ogg-vorbis: bf7c407c2cedff20999df2af8eb42d56 -> 
========================================================================
Received Import Request.
  Time since last request: 872480.101758 seconds.
  path: Assets/Mats 1
  artifactKey: Guid(43f22712bd01b384cb43b511a7b80052) Importer(815301076,1909f56bfc062723c751e8b465ee728b)
Start importing Assets/Mats 1 using Guid(43f22712bd01b384cb43b511a7b80052) Importer(815301076,1909f56bfc062723c751e8b465ee728b)  -> (artifact id: '49a8c7394bc3708667356654f94c2bf1') in 0.014137 seconds 
========================================================================
Received Import Request.
  Time since last request: 0.192418 seconds.
  path: Assets/Mats 1/BuildEffect.mat
  artifactKey: Guid(8165789fe91618046aca1997be16d671) Importer(815301076,1909f56bfc062723c751e8b465ee728b)
Start importing Assets/Mats 1/BuildEffect.mat using Guid(8165789fe91618046aca1997be16d671) Importer(815301076,1909f56bfc062723c751e8b465ee728b)  -> (artifact id: '0dc4651a127086112e0cd0b292fc358a') in 0.156855 seconds 
========================================================================
Received Import Request.
  Time since last request: 0.000045 seconds.
  path: Assets/Mats 1/Bullet_Upgraded.mat
  artifactKey: Guid(827b4843ce57d09479130516c3b40104) Importer(815301076,1909f56bfc062723c751e8b465ee728b)
Start importing Assets/Mats 1/Bullet_Upgraded.mat using Guid(827b4843ce57d09479130516c3b40104) Importer(815301076,1909f56bfc062723c751e8b465ee728b)  -> (artifact id: 'fd35d7d7eee17716b3280738537c0930') in 0.017344 seconds 
========================================================================
Received Import Request.
  Time since last request: 0.000041 seconds.
  path: Assets/Mats 1/LaserGlow.mat
  artifactKey: Guid(d300688721d90de44a4496d0371bdb25) Importer(815301076,1909f56bfc062723c751e8b465ee728b)
Start importing Assets/Mats 1/LaserGlow.mat using Guid(d300688721d90de44a4496d0371bdb25) Importer(815301076,1909f56bfc062723c751e8b465ee728b)  -> (artifact id: '1ac4d4aca78c1fab60d1c07c6990678e') in 0.012635 seconds 
========================================================================
Received Import Request.
  Time since last request: 0.000033 seconds.
  path: Assets/Mats 1/GroundPLane.mat
  artifactKey: Guid(a93f3dc0a861a8f468f639bf77e59cb2) Importer(815301076,1909f56bfc062723c751e8b465ee728b)
Start importing Assets/Mats 1/GroundPLane.mat using Guid(a93f3dc0a861a8f468f639bf77e59cb2) Importer(815301076,1909f56bfc062723c751e8b465ee728b)  -> (artifact id: '221fc9953fcff2df229d6f0bda431b16') in 0.016054 seconds 
========================================================================
Received Import Request.
  Time since last request: 0.000035 seconds.
  path: Assets/Mats 1/MissileExplosionFlames.mat
  artifactKey: Guid(7c5fd1f51c8896e4f933c59fb7c13079) Importer(815301076,1909f56bfc062723c751e8b465ee728b)
Start importing Assets/Mats 1/MissileExplosionFlames.mat using Guid(7c5fd1f51c8896e4f933c59fb7c13079) Importer(815301076,1909f56bfc062723c751e8b465ee728b)  -> (artifact id: '69c4e80f5922b4fbfabfbf0b64ef8376') in 0.011295 seconds 
========================================================================
Received Import Request.
  Time since last request: 4.664839 seconds.
  path: Assets/Prefabs 1/Enemy.prefab
  artifactKey: Guid(f3eff42569e317542bc3225b6c610054) Importer(815301076,1909f56bfc062723c751e8b465ee728b)
Start importing Assets/Prefabs 1/Enemy.prefab using Guid(f3eff42569e317542bc3225b6c610054) Importer(815301076,1909f56bfc062723c751e8b465ee728b)  -> (artifact id: 'c394ef1998b2f8f369ad225e4da91f4c') in 0.026957 seconds 
========================================================================
Received Import Request.
  Time since last request: 4.253713 seconds.
  path: Assets/Scripts 1
  artifactKey: Guid(fcb6c470e2d1b474d87f4a60ab1c5cba) Importer(815301076,1909f56bfc062723c751e8b465ee728b)
Start importing Assets/Scripts 1 using Guid(fcb6c470e2d1b474d87f4a60ab1c5cba) Importer(815301076,1909f56bfc062723c751e8b465ee728b)  -> (artifact id: '0e68bbf8ad4957dc280b5cc108f2e454') in 0.006744 seconds 
========================================================================
Received Import Request.
  Time since last request: 0.665334 seconds.
  path: Assets/Scripts 1/WaveSpawner.cs
  artifactKey: Guid(23846c5299af32e449a98bb0a6cf1a10) Importer(815301076,1909f56bfc062723c751e8b465ee728b)
Start importing Assets/Scripts 1/WaveSpawner.cs using Guid(23846c5299af32e449a98bb0a6cf1a10) Importer(815301076,1909f56bfc062723c751e8b465ee728b)  -> (artifact id: '97eb604385b381dec68cbf2fad85f94f') in 0.009799 seconds 
========================================================================
Received Import Request.
  Time since last request: 70.563378 seconds.
  path: Assets/Images/f0b60451-4958-4a90-8bbc-74af77357017.png
  artifactKey: Guid(336699d05826a2c4ca2d4c9df8aee980) Importer(815301076,1909f56bfc062723c751e8b465ee728b)
Start importing Assets/Images/f0b60451-4958-4a90-8bbc-74af77357017.png using Guid(336699d05826a2c4ca2d4c9df8aee980) Importer(815301076,1909f56bfc062723c751e8b465ee728b)  -> (artifact id: '4b75f457a6ae77206aee0af78577fe5b') in 0.063616 seconds 
========================================================================
Received Import Request.
  Time since last request: 50.317796 seconds.
  path: Assets/Scripts/Enemy/Enemy.cs
  artifactKey: Guid(a655d499b2b99f0448a8101d94e1ca89) Importer(815301076,1909f56bfc062723c751e8b465ee728b)
Start importing Assets/Scripts/Enemy/Enemy.cs using Guid(a655d499b2b99f0448a8101d94e1ca89) Importer(815301076,1909f56bfc062723c751e8b465ee728b)  -> (artifact id: 'a5f9d9aae92050f692135f1e31a6a3f5') in 0.002495 seconds 
========================================================================
Received Import Request.
  Time since last request: 6.929632 seconds.
  path: Assets/Scripts/Tower/Enemy.cs
  artifactKey: Guid(ed494c70f232a3b4ab01fdf6582b5295) Importer(815301076,1909f56bfc062723c751e8b465ee728b)
Start importing Assets/Scripts/Tower/Enemy.cs using Guid(ed494c70f232a3b4ab01fdf6582b5295) Importer(815301076,1909f56bfc062723c751e8b465ee728b)  -> (artifact id: 'c7894ba00ffa3d6907e26718ab4ce816') in 0.002296 seconds 
========================================================================
Received Import Request.
  Time since last request: 129.086862 seconds.
  path: Assets/Scripts/Enemy/Enemy.cs
  artifactKey: Guid(a655d499b2b99f0448a8101d94e1ca89) Importer(815301076,1909f56bfc062723c751e8b465ee728b)
Start importing Assets/Scripts/Enemy/Enemy.cs using Guid(a655d499b2b99f0448a8101d94e1ca89) Importer(815301076,1909f56bfc062723c751e8b465ee728b)  -> (artifact id: '7ff02fecf2a390de58d4251e0272dc2d') in 0.002716 seconds 
========================================================================
Received Import Request.
  Time since last request: 21.663186 seconds.
  path: Assets/Scripts/Tower/Wave.cs
  artifactKey: Guid(47de20a943e7f1f439c97c094c84a6c3) Importer(815301076,1909f56bfc062723c751e8b465ee728b)
Start importing Assets/Scripts/Tower/Wave.cs using Guid(47de20a943e7f1f439c97c094c84a6c3) Importer(815301076,1909f56bfc062723c751e8b465ee728b)  -> (artifact id: '986954eed4f8656f07f9e8891ad6b840') in 0.006741 seconds 
========================================================================
Received Import Request.
  Time since last request: 0.392706 seconds.
  path: Assets/Scripts/Tower/WaveSpawner.cs
  artifactKey: Guid(da57c22ee9c51484e814a5cc26f8f2b0) Importer(815301076,1909f56bfc062723c751e8b465ee728b)
Start importing Assets/Scripts/Tower/WaveSpawner.cs using Guid(da57c22ee9c51484e814a5cc26f8f2b0) Importer(815301076,1909f56bfc062723c751e8b465ee728b)  -> (artifact id: '5be5e3e06787400908f09079a6763de2') in 0.002274 seconds 
========================================================================
Received Import Request.
  Time since last request: 5.917155 seconds.
  path: Assets/Scripts/Enemy/WaveSpawner.cs
  artifactKey: Guid(ece3e216ab29bee4cb4bf3f641ad560c) Importer(815301076,1909f56bfc062723c751e8b465ee728b)
Start importing Assets/Scripts/Enemy/WaveSpawner.cs using Guid(ece3e216ab29bee4cb4bf3f641ad560c) Importer(815301076,1909f56bfc062723c751e8b465ee728b)  -> (artifact id: '1fe6b97adf90837b401c2b533a846276') in 0.004474 seconds 
========================================================================
Received Import Request.
  Time since last request: 204.590404 seconds.
  path: Assets/Scripts/Tower/WaveSpawner.cs
  artifactKey: Guid(da57c22ee9c51484e814a5cc26f8f2b0) Importer(815301076,1909f56bfc062723c751e8b465ee728b)
Start importing Assets/Scripts/Tower/WaveSpawner.cs using Guid(da57c22ee9c51484e814a5cc26f8f2b0) Importer(815301076,1909f56bfc062723c751e8b465ee728b)  -> (artifact id: 'db6f2e2fe104666d51cb9f1900d7b84a') in 0.002306 seconds 
========================================================================
Received Import Request.
  Time since last request: 12.056557 seconds.
  path: Assets/Scripts/Enemy/Wave.cs
  artifactKey: Guid(f0c6134577b150c4a9e0ae25b5102a07) Importer(815301076,1909f56bfc062723c751e8b465ee728b)
Start importing Assets/Scripts/Enemy/Wave.cs using Guid(f0c6134577b150c4a9e0ae25b5102a07) Importer(815301076,1909f56bfc062723c751e8b465ee728b)  -> (artifact id: '310b22ab115d36e6f6435c8594819f7f') in 0.002292 seconds 
========================================================================
Received Import Request.
  Time since last request: 21.342445 seconds.
  path: Assets/Scripts/Enemy/WaveSpawner.cs
  artifactKey: Guid(ece3e216ab29bee4cb4bf3f641ad560c) Importer(815301076,1909f56bfc062723c751e8b465ee728b)
Start importing Assets/Scripts/Enemy/WaveSpawner.cs using Guid(ece3e216ab29bee4cb4bf3f641ad560c) Importer(815301076,1909f56bfc062723c751e8b465ee728b)  -> (artifact id: '00c86462d284377a49a94788e8590788') in 0.002298 seconds 
========================================================================
Received Import Request.
  Time since last request: 4.471297 seconds.
  path: Assets/Scripts/Tower/CameraController.cs
  artifactKey: Guid(bd0655a66ae9b294086802f5801a4f8f) Importer(815301076,1909f56bfc062723c751e8b465ee728b)
Start importing Assets/Scripts/Tower/CameraController.cs using Guid(bd0655a66ae9b294086802f5801a4f8f) Importer(815301076,1909f56bfc062723c751e8b465ee728b)  -> (artifact id: '933e79465f4e886e631e1e6bc5bef5fb') in 0.007514 seconds 
========================================================================
Received Import Request.
  Time since last request: 0.985194 seconds.
  path: Assets/Scripts/Tower/TurretBlueprint.cs
  artifactKey: Guid(3be602179e65d9e49a8f06669fbb9889) Importer(815301076,1909f56bfc062723c751e8b465ee728b)
Start importing Assets/Scripts/Tower/TurretBlueprint.cs using Guid(3be602179e65d9e49a8f06669fbb9889) Importer(815301076,1909f56bfc062723c751e8b465ee728b)  -> (artifact id: 'd0a7ef1f4751ee8a641b7f108a0db92a') in 0.007380 seconds 
========================================================================
Received Import Request.
  Time since last request: 0.397111 seconds.
  path: Assets/Scripts/Tower/Waypoints.cs
  artifactKey: Guid(f7fe10d2db3916d47b9db71288f125c9) Importer(815301076,1909f56bfc062723c751e8b465ee728b)
Start importing Assets/Scripts/Tower/Waypoints.cs using Guid(f7fe10d2db3916d47b9db71288f125c9) Importer(815301076,1909f56bfc062723c751e8b465ee728b)  -> (artifact id: '2b6cbd869105d5ac4e0679e5fa669293') in 0.007054 seconds 
========================================================================
Received Prepare
Registering precompiled user dll's ...
Registered in 0.009357 seconds.
Begin MonoManager ReloadAssembly
Symbol file LoadedFromMemory doesn't match image C:\Users\khk40\Tower Defense\Library\PackageCache\com.unity.visualscripting@1.8.0\Editor\VisualScripting.Core\Dependencies\YamlDotNet\Unity.VisualScripting.YamlDotNet.dll
Symbol file LoadedFromMemory doesn't match image C:\Users\khk40\Tower Defense\Library\PackageCache\com.unity.visualscripting@1.8.0\Editor\VisualScripting.Core\Dependencies\DotNetZip\Unity.VisualScripting.IonicZip.dll
Native extension for WindowsStandalone target not found
Native extension for WebGL target not found
Refreshing native plugins compatible for Editor in 1.05 ms, found 3 plugins.
Preloading 0 native plugins for Editor in 0.00 ms.
Mono: successfully reloaded assembly
- Completed reload, in  1.149 seconds
Domain Reload Profiling:
	ReloadAssembly (1150ms)
		BeginReloadAssembly (162ms)
			ExecutionOrderSort (0ms)
			DisableScriptedObjects (7ms)
			BackupInstance (0ms)
			ReleaseScriptingObjects (0ms)
			CreateAndSetChildDomain (41ms)
		EndReloadAssembly (863ms)
			LoadAssemblies (110ms)
			RebuildTransferFunctionScriptingTraits (0ms)
			SetupTypeCache (298ms)
			ReleaseScriptCaches (1ms)
			RebuildScriptCaches (41ms)
			SetupLoadedEditorAssemblies (369ms)
				LogAssemblyErrors (0ms)
				InitializePlatformSupportModulesInManaged (16ms)
				SetLoadedEditorAssemblies (1ms)
				RefreshPlugins (1ms)
				BeforeProcessingInitializeOnLoad (87ms)
				ProcessInitializeOnLoadAttributes (228ms)
				ProcessInitializeOnLoadMethodAttributes (25ms)
				AfterProcessingInitializeOnLoad (12ms)
				EditorAssembliesLoaded (0ms)
			ExecutionOrderSort2 (0ms)
			AwakeInstancesAfterBackupRestoration (9ms)
Platform modules already initialized, skipping
Refreshing native plugins compatible for Editor in 3.33 ms, found 3 plugins.
Preloading 0 native plugins for Editor in 0.00 ms.
Unloading 3390 Unused Serialized files (Serialized files now loaded: 0)
Unloading 25 unused Assets / (79.9 KB). Loaded Objects now: 3901.
Memory consumption went from 120.8 MB to 120.8 MB.
Total: 3.328600 ms (FindLiveObjects: 0.300800 ms CreateObjectMapping: 0.080200 ms MarkObjects: 2.836300 ms  DeleteObjects: 0.110200 ms)

AssetImportParameters requested are different than current active one (requested -> active):
  custom:video-decoder-ogg-theora: a1e56fd34408186e4bbccfd4996cb3dc -> 
  custom:container-muxer-webm: aa71ff27fc2769a1b78a27578f13a17b -> 
  custom:container-demuxer-webm: 4f35f7cbe854078d1ac9338744f61a02 -> 
  custom:video-encoder-webm-vp8: eb34c28f22e8b96e1ab97ce403110664 -> 
  custom:audio-encoder-webm-vorbis: bf7c407c2cedff20999df2af8eb42d56 -> 
  custom:framework-win-MediaFoundation: 216162199b28c13a410421893ffa2e32 -> 
  custom:container-demuxer-ogg: 62fdf1f143b41e24485cea50d1cbac27 -> 
  custom:video-decoder-webm-vp8: 9c59270c3fd7afecdb556c50c9e8de78 -> 
  custom:audio-decoder-ogg-vorbis: bf7c407c2cedff20999df2af8eb42d56 -> 
========================================================================
Received Prepare
Registering precompiled user dll's ...
Registered in 0.009916 seconds.
Begin MonoManager ReloadAssembly
Symbol file LoadedFromMemory doesn't match image C:\Users\khk40\Tower Defense\Library\PackageCache\com.unity.visualscripting@1.8.0\Editor\VisualScripting.Core\Dependencies\YamlDotNet\Unity.VisualScripting.YamlDotNet.dll
Symbol file LoadedFromMemory doesn't match image C:\Users\khk40\Tower Defense\Library\PackageCache\com.unity.visualscripting@1.8.0\Editor\VisualScripting.Core\Dependencies\DotNetZip\Unity.VisualScripting.IonicZip.dll
Native extension for WindowsStandalone target not found
Native extension for WebGL target not found
Refreshing native plugins compatible for Editor in 0.70 ms, found 3 plugins.
Preloading 0 native plugins for Editor in 0.00 ms.
Mono: successfully reloaded assembly
- Completed reload, in  1.239 seconds
Domain Reload Profiling:
	ReloadAssembly (1240ms)
		BeginReloadAssembly (161ms)
			ExecutionOrderSort (0ms)
			DisableScriptedObjects (7ms)
			BackupInstance (0ms)
			ReleaseScriptingObjects (0ms)
			CreateAndSetChildDomain (39ms)
		EndReloadAssembly (952ms)
			LoadAssemblies (105ms)
			RebuildTransferFunctionScriptingTraits (0ms)
			SetupTypeCache (318ms)
			ReleaseScriptCaches (1ms)
			RebuildScriptCaches (45ms)
			SetupLoadedEditorAssemblies (428ms)
				LogAssemblyErrors (0ms)
				InitializePlatformSupportModulesInManaged (18ms)
				SetLoadedEditorAssemblies (0ms)
				RefreshPlugins (1ms)
				BeforeProcessingInitializeOnLoad (89ms)
				ProcessInitializeOnLoadAttributes (272ms)
				ProcessInitializeOnLoadMethodAttributes (31ms)
				AfterProcessingInitializeOnLoad (16ms)
				EditorAssembliesLoaded (0ms)
			ExecutionOrderSort2 (0ms)
			AwakeInstancesAfterBackupRestoration (13ms)
Platform modules already initialized, skipping
Refreshing native plugins compatible for Editor in 2.57 ms, found 3 plugins.
Preloading 0 native plugins for Editor in 0.00 ms.
Unloading 3390 Unused Serialized files (Serialized files now loaded: 0)
Unloading 20 unused Assets / (79.8 KB). Loaded Objects now: 3904.
Memory consumption went from 120.8 MB to 120.8 MB.
Total: 3.372500 ms (FindLiveObjects: 0.357100 ms CreateObjectMapping: 0.113300 ms MarkObjects: 2.803500 ms  DeleteObjects: 0.097600 ms)

AssetImportParameters requested are different than current active one (requested -> active):
  custom:video-decoder-ogg-theora: a1e56fd34408186e4bbccfd4996cb3dc -> 
  custom:container-muxer-webm: aa71ff27fc2769a1b78a27578f13a17b -> 
  custom:container-demuxer-webm: 4f35f7cbe854078d1ac9338744f61a02 -> 
  custom:video-encoder-webm-vp8: eb34c28f22e8b96e1ab97ce403110664 -> 
  custom:audio-encoder-webm-vorbis: bf7c407c2cedff20999df2af8eb42d56 -> 
  custom:framework-win-MediaFoundation: 216162199b28c13a410421893ffa2e32 -> 
  custom:container-demuxer-ogg: 62fdf1f143b41e24485cea50d1cbac27 -> 
  custom:video-decoder-webm-vp8: 9c59270c3fd7afecdb556c50c9e8de78 -> 
  custom:audio-decoder-ogg-vorbis: bf7c407c2cedff20999df2af8eb42d56 -> 
========================================================================
Received Import Request.
  Time since last request: 99.619266 seconds.
  path: Assets/Scripts/Tower/Turret.cs
  artifactKey: Guid(3ff49a7e7447b0d4a91418e00dbaaf01) Importer(815301076,1909f56bfc062723c751e8b465ee728b)
Start importing Assets/Scripts/Tower/Turret.cs using Guid(3ff49a7e7447b0d4a91418e00dbaaf01) Importer(815301076,1909f56bfc062723c751e8b465ee728b)  -> (artifact id: 'd6aa9b473a0a5efc32410ce15949739b') in 0.014213 seconds 
